
error: Oct-21-2022 20:19:56: 	Message Queue has already been started
error: Oct-21-2022 20:20:34: 	Message Queue has already been started
error: Oct-21-2022 20:21:17: 	Message Queue has already been started
error: Oct-21-2022 20:21:59: 	Message Queue has already been started
error: Oct-21-2022 20:22:00: 	Message Queue has already been started
error: Oct-21-2022 20:22:01: 	Message Queue has already been started
error: Oct-21-2022 20:23:09: 	Message Queue has already been started
error: Oct-21-2022 20:56:41: 	Redis not found.
error: Oct-21-2022 22:09:14: 	RequestValidationError is not defined
error: Oct-21-2022 22:09:44: 	RequestValidationError is not defined
error: Oct-21-2022 22:20:59: 	Internal Server Error
error: Oct-21-2022 22:21:17: 	Internal Server Error
error: Oct-22-2022 09:57:41: 	Must call super constructor in derived class before accessing 'this' or returning from derived constructor
error: Oct-22-2022 09:57:48: 	Must call super constructor in derived class before accessing 'this' or returning from derived constructor
error: Oct-22-2022 09:58:41: 	[object Object],[object Object],[object Object],[object Object],[object Object],[object Object],[object Object],[object Object]
error: Oct-22-2022 10:30:26: 	RequestValidationError is not a constructor
error: Oct-22-2022 10:36:41: 	invalid request
error: Oct-22-2022 10:37:32: 	invalid request
error: Oct-22-2022 10:38:50: 	invalid request
error: Oct-22-2022 10:43:22: 	invalid request
error: Oct-22-2022 11:03:15: 	invalid request
error: Oct-22-2022 11:03:23: 	Assignment to constant variable.
error: Oct-22-2022 11:04:48: 	user already exists
error: Oct-22-2022 11:24:55: 	Not found
error: Oct-22-2022 11:25:41: 	payload is required
error: Oct-22-2022 11:27:05: 	user not found.
error: Oct-22-2022 11:33:41: 	Invalid credentials
error: Oct-22-2022 12:52:57: 	Set data in redis error !
error: Oct-22-2022 12:54:55: 	Set data in redis error !
error: Oct-22-2022 12:57:26: 	Set data in redis error !
error: Oct-22-2022 12:58:24: 	Set data in redis error !
error: Oct-22-2022 12:59:38: 	Set data in redis error !
error: Oct-22-2022 13:00:51: 	Set data in redis error !
error: Oct-22-2022 13:01:11: 	refresh_token_expiry is not defined
error: Oct-22-2022 13:02:24: 	Set data in redis error !
error: Oct-22-2022 13:03:18: 	Set data in redis error !
error: Oct-22-2022 13:03:58: 	refresh_token is not defined
error: Oct-22-2022 13:31:03: 	reqStoreAccessToken is not defined
error: Oct-22-2022 13:32:31: 	reqStoreAccessToken is not defined
error: Oct-22-2022 13:42:27: 	user already exists
error: Oct-22-2022 13:43:53: 	user already exists
error: Oct-22-2022 13:45:44: 	user already exists
error: Oct-22-2022 13:58:06: 	Not found
error: Oct-22-2022 14:00:42: 	invalid token
error: Oct-22-2022 14:01:14: 	invalid token
error: Oct-22-2022 14:01:40: 	invalid token
error: Oct-22-2022 14:01:45: 	invalid token
error: Oct-22-2022 14:02:07: 	invalid token
error: Oct-22-2022 14:02:29: 	invalid token
error: Oct-22-2022 14:03:09: 	invalid token
error: Oct-22-2022 14:03:11: 	invalid token
error: Oct-22-2022 14:03:13: 	invalid token
error: Oct-22-2022 14:04:00: 	invalid token
error: Oct-22-2022 14:04:54: 	invalid token
error: Oct-22-2022 14:04:56: 	invalid token
error: Oct-22-2022 14:04:58: 	invalid token
error: Oct-22-2022 14:05:14: 	invalid token
error: Oct-22-2022 14:05:50: 	invalid token
error: Oct-22-2022 14:06:13: 	invalid token
error: Oct-22-2022 14:06:16: 	invalid token
error: Oct-22-2022 14:06:58: 	userId is not defined
error: Oct-22-2022 14:06:59: 	userId is not defined
error: Oct-22-2022 14:07:24: 	invalid token
error: Oct-22-2022 14:13:07: 	userId is not defined
error: Oct-22-2022 14:13:37: 	userId is not defined
error: Oct-22-2022 14:14:10: 	userId is not defined
error: Oct-22-2022 14:15:12: 	userId is not defined
error: Oct-22-2022 14:15:13: 	userId is not defined
error: Oct-22-2022 14:15:31: 	userId is not defined
error: Oct-22-2022 14:16:05: 	userId is not defined
error: Oct-22-2022 14:16:09: 	userId is not defined
error: Oct-22-2022 14:16:50: 	userId is not defined
error: Oct-22-2022 14:17:37: 	invalid signature
error: Oct-22-2022 14:17:39: 	invalid signature
error: Oct-22-2022 14:17:39: 	invalid signature
error: Oct-22-2022 14:17:44: 	jwt must be provided
error: Oct-22-2022 14:18:18: 	invalid signature
error: Oct-22-2022 14:18:43: 	invalid signature
error: Oct-22-2022 14:18:45: 	invalid signature
error: Oct-22-2022 14:19:06: 	invalid signature
error: Oct-22-2022 14:19:11: 	invalid signature
error: Oct-22-2022 14:19:12: 	invalid signature
error: Oct-22-2022 14:19:52: 	userId is not defined
error: Oct-22-2022 14:19:53: 	userId is not defined
error: Oct-22-2022 14:19:54: 	userId is not defined
error: Oct-22-2022 14:20:09: 	userId is not defined
error: Oct-22-2022 14:20:11: 	userId is not defined
error: Oct-22-2022 14:20:12: 	userId is not defined
error: Oct-22-2022 14:20:41: 	userId is not defined
error: Oct-22-2022 14:20:41: 	userId is not defined
error: Oct-22-2022 14:20:48: 	userId is not defined
error: Oct-22-2022 14:20:49: 	userId is not defined
error: Oct-22-2022 14:21:08: 	userId is not defined
error: Oct-22-2022 14:21:29: 	userId is not defined
error: Oct-22-2022 14:22:43: 	jwt must be provided
error: Oct-22-2022 14:22:56: 	userId is not defined
error: Oct-22-2022 14:23:16: 	userId is not defined
error: Oct-22-2022 14:41:40: 	jwt expired
error: Oct-22-2022 14:41:44: 	jwt expired
error: Oct-22-2022 14:59:39: 	Not found
error: Oct-22-2022 15:00:34: 	jwt expired
error: Oct-22-2022 15:17:33: 	invalid request
error: Oct-22-2022 15:17:36: 	invalid request
error: Oct-22-2022 15:18:03: 	invalid request
